This is pdfTeX, Version 3.141592653-2.6-1.40.27 (TeX Live 2025) (preloaded format=pdflatex 2025.12.31)  9 MAR 2026 09:29
entering extended mode
 restricted \write18 enabled.
 file:line:error style messages enabled.
 %&-line parsing enabled.
**/Users/wchiu/Documents/GitHub/dllm-probing/paper/latex/acl_lualatex.tex
(/Users/wchiu/Documents/GitHub/dllm-probing/paper/latex/acl_lualatex.tex
LaTeX2e <2024-11-01> patch level 2
L3 programming layer <2025-01-18>
(/usr/local/texlive/2025basic/texmf-dist/tex/latex/base/article.cls
Document Class: article 2024/06/29 v1.4n Standard LaTeX document class
(/usr/local/texlive/2025basic/texmf-dist/tex/latex/base/size11.clo
File: size11.clo 2024/06/29 v1.4n Standard LaTeX file (size option)
)
\c@part=\count196
\c@section=\count197
\c@subsection=\count198
\c@subsubsection=\count199
\c@paragraph=\count266
\c@subparagraph=\count267
\c@figure=\count268
\c@table=\count269
\abovecaptionskip=\skip49
\belowcaptionskip=\skip50
\bibindent=\dimen141
) (./acl.sty
Conference Style for ACL
(/usr/local/texlive/2025basic/texmf-dist/tex/latex/xcolor/xcolor.sty
Package: xcolor 2024/09/29 v3.02 LaTeX color extensions (UK)
 (/usr/local/texlive/2025basic/texmf-dist/tex/latex/graphics-cfg/color.cfg
File: color.cfg 2016/01/02 v1.6 sample color configuration
)
Package xcolor Info: Driver file: pdftex.def on input line 274.
 (/usr/local/texlive/2025basic/texmf-dist/tex/latex/graphics-def/pdftex.def
File: pdftex.def 2024/04/13 v1.2c Graphics/color driver for pdftex
) (/usr/local/texlive/2025basic/texmf-dist/tex/latex/graphics/mathcolor.ltx)
Package xcolor Info: Model `cmy' substituted by `cmy0' on input line 1349.
Package xcolor Info: Model `hsb' substituted by `rgb' on input line 1353.
Package xcolor Info: Model `RGB' extended on input line 1365.
Package xcolor Info: Model `HTML' substituted by `rgb' on input line 1367.
Package xcolor Info: Model `Hsb' substituted by `hsb' on input line 1368.
Package xcolor Info: Model `tHsb' substituted by `hsb' on input line 1369.
Package xcolor Info: Model `HSB' substituted by `hsb' on input line 1370.
Package xcolor Info: Model `Gray' substituted by `gray' on input line 1371.
Package xcolor Info: Model `wave' substituted by `hsb' on input line 1372.
) (/usr/local/texlive/2025basic/texmf-dist/tex/latex/lineno/lineno.sty
Package: lineno 2025/01/29 line numbers on paragraphs v5.4
 (/usr/local/texlive/2025basic/texmf-dist/tex/latex/etoolbox/etoolbox.sty
Package: etoolbox 2025/02/11 v2.5l e-TeX tools for LaTeX (JAW)
\etb@tempcnta=\count270
) (/usr/local/texlive/2025basic/texmf-dist/tex/latex/kvoptions/kvoptions.sty
Package: kvoptions 2022-06-15 v3.15 Key value format for package options (HO)
 (/usr/local/texlive/2025basic/texmf-dist/tex/latex/graphics/keyval.sty
Package: keyval 2022/05/29 v1.15 key=value parser (DPC)
\KV@toks@=\toks17
) (/usr/local/texlive/2025basic/texmf-dist/tex/generic/ltxcmds/ltxcmds.sty
Package: ltxcmds 2023-12-04 v1.26 LaTeX kernel commands for general use (HO)
) (/usr/local/texlive/2025basic/texmf-dist/tex/latex/kvsetkeys/kvsetkeys.sty
Package: kvsetkeys 2022-10-05 v1.19 Key value parser (HO)
))
\linenopenalty=\count271
\output=\toks18
\linenoprevgraf=\count272
\linenumbersep=\dimen142
\linenumberwidth=\dimen143
\c@linenumber=\count273
\c@pagewiselinenumber=\count274
\c@LN@truepage=\count275
\c@internallinenumber=\count276
\c@internallinenumbers=\count277
\quotelinenumbersep=\dimen144
\bframerule=\dimen145
\bframesep=\dimen146
\bframebox=\box52
LaTeX Info: Redefining \\ on input line 3187.
)
\cv@tmpc@=\count278
\cv@tmpc=\count279
 (/usr/local/texlive/2025basic/texmf-dist/tex/latex/geometry/geometry.sty
Package: geometry 2020/01/02 v5.9 Page Geometry
 (/usr/local/texlive/2025basic/texmf-dist/tex/generic/iftex/ifvtex.sty
Package: ifvtex 2019/10/25 v1.7 ifvtex legacy package. Use iftex instead.
 (/usr/local/texlive/2025basic/texmf-dist/tex/generic/iftex/iftex.sty
Package: iftex 2024/12/12 v1.0g TeX engine tests
))
\Gm@cnth=\count280
\Gm@cntv=\count281
\c@Gm@tempcnt=\count282
\Gm@bindingoffset=\dimen147
\Gm@wd@mp=\dimen148
\Gm@odd@mp=\dimen149
\Gm@even@mp=\dimen150
\Gm@layoutwidth=\dimen151
\Gm@layoutheight=\dimen152
\Gm@layouthoffset=\dimen153
\Gm@layoutvoffset=\dimen154
\Gm@dimlist=\toks19
)
\titlebox=\skip51
 (/usr/local/texlive/2025basic/texmf-dist/tex/latex/caption/caption.sty
Package: caption 2023/08/05 v3.6o Customizing captions (AR)
 (/usr/local/texlive/2025basic/texmf-dist/tex/latex/caption/caption3.sty
Package: caption3 2023/07/31 v2.4d caption3 kernel (AR)
\caption@tempdima=\dimen155
\captionmargin=\dimen156
\caption@leftmargin=\dimen157
\caption@rightmargin=\dimen158
\caption@width=\dimen159
\caption@indent=\dimen160
\caption@parindent=\dimen161
\caption@hangindent=\dimen162
Package caption Info: Standard document class detected.
)
\c@caption@flags=\count283
\c@continuedfloat=\count284
) (/usr/local/texlive/2025basic/texmf-dist/tex/latex/natbib/natbib.sty
Package: natbib 2010/09/13 8.31b (PWD, AO)
\bibhang=\skip52
\bibsep=\skip53
LaTeX Info: Redefining \cite on input line 694.
\c@NAT@ctr=\count285
) (/usr/local/texlive/2025basic/texmf-dist/tex/latex/hyperref/hyperref.sty
Package: hyperref 2024-11-05 v7.01l Hypertext links for LaTeX
 (/usr/local/texlive/2025basic/texmf-dist/tex/generic/kvdefinekeys/kvdefinekeys.sty
Package: kvdefinekeys 2019-12-19 v1.6 Define keys (HO)
) (/usr/local/texlive/2025basic/texmf-dist/tex/generic/pdfescape/pdfescape.sty
Package: pdfescape 2019/12/09 v1.15 Implements pdfTeX's escape features (HO)
 (/usr/local/texlive/2025basic/texmf-dist/tex/generic/pdftexcmds/pdftexcmds.sty
Package: pdftexcmds 2020-06-27 v0.33 Utility functions of pdfTeX for LuaTeX (HO)
 (/usr/local/texlive/2025basic/texmf-dist/tex/generic/infwarerr/infwarerr.sty
Package: infwarerr 2019/12/03 v1.5 Providing info/warning/error messages (HO)
)
Package pdftexcmds Info: \pdf@primitive is available.
Package pdftexcmds Info: \pdf@ifprimitive is available.
Package pdftexcmds Info: \pdfdraftmode found.
)) (/usr/local/texlive/2025basic/texmf-dist/tex/latex/hycolor/hycolor.sty
Package: hycolor 2020-01-27 v1.10 Color options for hyperref/bookmark (HO)
) (/usr/local/texlive/2025basic/texmf-dist/tex/latex/hyperref/nameref.sty
Package: nameref 2023-11-26 v2.56 Cross-referencing by name of section
 (/usr/local/texlive/2025basic/texmf-dist/tex/latex/refcount/refcount.sty
Package: refcount 2019/12/15 v3.6 Data extraction from label references (HO)
) (/usr/local/texlive/2025basic/texmf-dist/tex/generic/gettitlestring/gettitlestring.sty
Package: gettitlestring 2019/12/15 v1.6 Cleanup title references (HO)
)
\c@section@level=\count286
) (/usr/local/texlive/2025basic/texmf-dist/tex/generic/stringenc/stringenc.sty
Package: stringenc 2019/11/29 v1.12 Convert strings between diff. encodings (HO)
)
\@linkdim=\dimen163
\Hy@linkcounter=\count287
\Hy@pagecounter=\count288
 (/usr/local/texlive/2025basic/texmf-dist/tex/latex/hyperref/pd1enc.def
File: pd1enc.def 2024-11-05 v7.01l Hyperref: PDFDocEncoding definition (HO)
Now handling font encoding PD1 ...
... no UTF-8 mapping file for font encoding PD1
) (/usr/local/texlive/2025basic/texmf-dist/tex/generic/intcalc/intcalc.sty
Package: intcalc 2019/12/15 v1.3 Expandable calculations with integers (HO)
)
\Hy@SavedSpaceFactor=\count289
 (/usr/local/texlive/2025basic/texmf-dist/tex/latex/hyperref/puenc.def
File: puenc.def 2024-11-05 v7.01l Hyperref: PDF Unicode definition (HO)
Now handling font encoding PU ...
... no UTF-8 mapping file for font encoding PU
)
Package hyperref Info: Option `breaklinks' set `true' on input line 4040.
Package hyperref Info: Hyper figures OFF on input line 4157.
Package hyperref Info: Link nesting OFF on input line 4162.
Package hyperref Info: Hyper index ON on input line 4165.
Package hyperref Info: Plain pages OFF on input line 4172.
Package hyperref Info: Backreferencing OFF on input line 4177.
Package hyperref Info: Implicit mode ON; LaTeX internals redefined.
Package hyperref Info: Bookmarks ON on input line 4424.
\c@Hy@tempcnt=\count290
 (/usr/local/texlive/2025basic/texmf-dist/tex/latex/url/url.sty
\Urlmuskip=\muskip17
Package: url 2013/09/16  ver 3.4  Verb mode for urls, etc.
)
LaTeX Info: Redefining \url on input line 4763.
\XeTeXLinkMargin=\dimen164
 (/usr/local/texlive/2025basic/texmf-dist/tex/generic/bitset/bitset.sty
Package: bitset 2019/12/09 v1.3 Handle bit-vector datatype (HO)
 (/usr/local/texlive/2025basic/texmf-dist/tex/generic/bigintcalc/bigintcalc.sty
Package: bigintcalc 2019/12/15 v1.5 Expandable calculations on big integers (HO)
))
\Fld@menulength=\count291
\Field@Width=\dimen165
\Fld@charsize=\dimen166
Package hyperref Info: Hyper figures OFF on input line 6042.
Package hyperref Info: Link nesting OFF on input line 6047.
Package hyperref Info: Hyper index ON on input line 6050.
Package hyperref Info: backreferencing OFF on input line 6057.
Package hyperref Info: Link coloring OFF on input line 6062.
Package hyperref Info: Link coloring with OCG OFF on input line 6067.
Package hyperref Info: PDF/A mode OFF on input line 6072.
 (/usr/local/texlive/2025basic/texmf-dist/tex/latex/base/atbegshi-ltx.sty
Package: atbegshi-ltx 2021/01/10 v1.0c Emulation of the original atbegshi
package with kernel methods
)
\Hy@abspage=\count292
\c@Item=\count293
\c@Hfootnote=\count294
)
Package hyperref Info: Driver (autodetected): hpdftex.
 (/usr/local/texlive/2025basic/texmf-dist/tex/latex/hyperref/hpdftex.def
File: hpdftex.def 2024-11-05 v7.01l Hyperref driver for pdfTeX
 (/usr/local/texlive/2025basic/texmf-dist/tex/latex/base/atveryend-ltx.sty
Package: atveryend-ltx 2020/08/19 v1.0a Emulation of the original atveryend package
with kernel methods
)
\Fld@listcount=\count295
\c@bookmark@seq@number=\count296
 (/usr/local/texlive/2025basic/texmf-dist/tex/latex/rerunfilecheck/rerunfilecheck.sty
Package: rerunfilecheck 2022-07-10 v1.10 Rerun checks for auxiliary files (HO)
 (/usr/local/texlive/2025basic/texmf-dist/tex/generic/uniquecounter/uniquecounter.sty
Package: uniquecounter 2019/12/15 v1.4 Provide unlimited unique counter (HO)
)
Package uniquecounter Info: New unique counter `rerunfilecheck' on input line 285.
)
\Hy@SectionHShift=\skip54
)
Package hyperref Info: Option `colorlinks' set `true' on input line 305.
) (/usr/local/texlive/2025basic/texmf-dist/tex/latex/microtype/microtype.sty
Package: microtype 2025/02/11 v3.2a Micro-typographical refinements (RS)
\MT@toks=\toks20
\MT@tempbox=\box53
\MT@count=\count297
LaTeX Info: Redefining \noprotrusionifhmode on input line 1087.
LaTeX Info: Redefining \leftprotrusion on input line 1088.
\MT@prot@toks=\toks21
LaTeX Info: Redefining \rightprotrusion on input line 1107.
LaTeX Info: Redefining \textls on input line 1449.
\MT@outer@kern=\dimen167
LaTeX Info: Redefining \microtypecontext on input line 2053.
LaTeX Info: Redefining \textmicrotypecontext on input line 2070.
\MT@listname@count=\count298
 (/usr/local/texlive/2025basic/texmf-dist/tex/latex/microtype/microtype-pdftex.def
File: microtype-pdftex.def 2025/02/11 v3.2a Definitions specific to pdftex (RS)
LaTeX Info: Redefining \lsstyle on input line 944.
LaTeX Info: Redefining \lslig on input line 944.
\MT@outer@space=\skip55
)
Package microtype Info: Loading configuration file microtype.cfg.
 (/usr/local/texlive/2025basic/texmf-dist/tex/latex/microtype/microtype.cfg
File: microtype.cfg 2025/02/11 v3.2a microtype main configuration file (RS)
)
LaTeX Info: Redefining \microtypesetup on input line 3065.
) (/usr/local/texlive/2025basic/texmf-dist/tex/generic/babel/babel.sty
Package: babel 2025/02/14 v25.4 The multilingual framework for pdfLaTeX, LuaLaTeX and XeLaTeX
\babel@savecnt=\count299
\U@D=\dimen168
\l@unhyphenated=\language23
 (/usr/local/texlive/2025basic/texmf-dist/tex/generic/babel/txtbabel.def)
\bbl@readstream=\read2
\bbl@dirlevel=\count300
 (/usr/local/texlive/2025basic/texmf-dist/tex/generic/babel-english/english.ldf
Language: english 2017/06/06 v3.3r English support from the babel system
Package babel Info: Hyphen rules for 'canadian' set to \l@english
(babel)             (\language0). Reported on input line 102.
Package babel Info: Hyphen rules for 'australian' set to \l@ukenglish
(babel)             (\language7). Reported on input line 105.
Package babel Info: Hyphen rules for 'newzealand' set to \l@ukenglish
(babel)             (\language7). Reported on input line 108.
)) (/usr/local/texlive/2025basic/texmf-dist/tex/generic/babel/locale/en/babel-english.tex
Package babel Info: Importing font and identification data for english
(babel)             from babel-en.ini. Reported on input line 11.
) (/usr/local/texlive/2025basic/texmf-dist/tex/generic/babel/errbabel.def)

/Users/wchiu/Documents/GitHub/dllm-probing/paper/latex/acl_lualatex.tex:22: Package babel Error: This macro is available only in LuaLaTeX and XeLaTeX..

See the babel package documentation for explanation.
Type  H <return>  for immediate help.
 ...                                              
                                                  
l.22 \babelfont
               {rm}{TeXGyreTermesX} % similar to Times
Consider switching to these engines.


/Users/wchiu/Documents/GitHub/dllm-probing/paper/latex/acl_lualatex.tex:22: LaTeX Error: Missing \begin{document}.

See the LaTeX manual or LaTeX Companion for explanation.
Type  H <return>  for immediate help.
 ...                                              
                                                  
l.22 \babelfont{r
                 m}{TeXGyreTermesX} % similar to Times
You're in trouble here.  Try typing  <return>  to proceed.
If that doesn't work, type  X <return>  to quit.

(/usr/local/texlive/2025basic/texmf-dist/tex/generic/babel/locale/hi/babel-hindi.tex)
Package babel Info: Importing data for hindi
(babel)             from babel-hi.ini. Reported on input line 24.
Package babel Info: Hyphen rules for 'hindi' set to \l@english
(babel)             (\language0). Reported on input line 24.


/Users/wchiu/Documents/GitHub/dllm-probing/paper/latex/acl_lualatex.tex:25: Package babel Error: This macro is available only in LuaLaTeX and XeLaTeX..

See the babel package documentation for explanation.
Type  H <return>  for immediate help.
 ...                                              
                                                  
l.25 \babelfont
               [*devanagari]{rm}{Lohit Devanagari}
Consider switching to these engines.

(/usr/local/texlive/2025basic/texmf-dist/tex/generic/babel/locale/ar/babel-arabic.tex)
Package babel Info: Importing data for arabic
(babel)             from babel-ar.ini. Reported on input line 26.
Package babel Info: Hyphen rules for 'arabic' set to \l@english
(babel)             (\language0). Reported on input line 26.
 (/usr/local/texlive/2025basic/texmf-dist/tex/generic/babel/babel-ca-islamic.tex)

/Users/wchiu/Documents/GitHub/dllm-probing/paper/latex/acl_lualatex.tex:27: Package babel Error: This macro is available only in LuaLaTeX and XeLaTeX..

See the babel package documentation for explanation.
Type  H <return>  for immediate help.
 ...                                              
                                                  
l.27 \babelfont
               [*arabic]{rm}{Noto Sans Arabic}
Consider switching to these engines.

(/usr/local/texlive/2025basic/texmf-dist/tex/latex/l3backend/l3backend-pdftex.def
File: l3backend-pdftex.def 2024-05-08 L3 backend support: PDF output (pdfTeX)
\l__color_backend_stack_int=\count301
\l__pdf_internal_box=\box54
)
No file acl_lualatex.aux.
\openout1 = `acl_lualatex.aux'.

LaTeX Font Info:    Checking defaults for OML/cmm/m/it on input line 66.
LaTeX Font Info:    ... okay on input line 66.
LaTeX Font Info:    Checking defaults for OMS/cmsy/m/n on input line 66.
LaTeX Font Info:    ... okay on input line 66.
LaTeX Font Info:    Checking defaults for OT1/cmr/m/n on input line 66.
LaTeX Font Info:    ... okay on input line 66.
LaTeX Font Info:    Checking defaults for T1/cmr/m/n on input line 66.
LaTeX Font Info:    ... okay on input line 66.
LaTeX Font Info:    Checking defaults for TS1/cmr/m/n on input line 66.
LaTeX Font Info:    ... okay on input line 66.
LaTeX Font Info:    Checking defaults for OMX/cmex/m/n on input line 66.
LaTeX Font Info:    ... okay on input line 66.
LaTeX Font Info:    Checking defaults for U/cmr/m/n on input line 66.
LaTeX Font Info:    ... okay on input line 66.
LaTeX Font Info:    Checking defaults for PD1/pdf/m/n on input line 66.
LaTeX Font Info:    ... okay on input line 66.
LaTeX Font Info:    Checking defaults for PU/pdf/m/n on input line 66.
LaTeX Font Info:    ... okay on input line 66.
(/usr/local/texlive/2025basic/texmf-dist/tex/context/base/mkii/supp-pdf.mkii
[Loading MPS to PDF converter (version 2006.09.02).]
\scratchcounter=\count302
\scratchdimen=\dimen169
\scratchbox=\box55
\nofMPsegments=\count303
\nofMParguments=\count304
\everyMPshowfont=\toks22
\MPscratchCnt=\count305
\MPscratchDim=\dimen170
\MPnumerator=\count306
\makeMPintoPDFobject=\count307
\everyMPtoPDFconversion=\toks23
)
*geometry* driver: auto-detecting
*geometry* detected driver: pdftex
*geometry* verbose mode - [ preamble ] result:
* driver: pdftex
* paper: a4paper
* layout: <same size as paper>
* layoutoffset:(h,v)=(0.0pt,0.0pt)
* modes: heightrounded 
* h-part:(L,W,R)=(71.13188pt, 455.24411pt, 71.13188pt)
* v-part:(T,H,B)=(71.13188pt, 702.78308pt, 71.13188pt)
* \paperwidth=597.50787pt
* \paperheight=845.04684pt
* \textwidth=455.24411pt
* \textheight=704.60031pt
* \oddsidemargin=-1.1381pt
* \evensidemargin=-1.1381pt
* \topmargin=-38.1381pt
* \headheight=12.0pt
* \headsep=25.0pt
* \topskip=11.0pt
* \footskip=30.0pt
* \marginparwidth=59.0pt
* \marginparsep=10.0pt
* \columnsep=17.07182pt
* \skip\footins=9.0pt plus 4.0pt minus 2.0pt
* \hoffset=0.0pt
* \voffset=0.0pt
* \mag=1000
* \@twocolumntrue
* \@twosidefalse
* \@mparswitchfalse
* \@reversemarginfalse
* (1in=72.27pt=25.4mm, 1cm=28.453pt)

Package caption Info: Begin \AtBeginDocument code.
Package caption Info: hyperref package is loaded.
Package caption Info: End \AtBeginDocument code.
Package hyperref Info: Link coloring ON on input line 66.
\@outlinefile=\write3
\openout3 = `acl_lualatex.out'.

LaTeX Info: Redefining \microtypecontext on input line 66.
Package microtype Info: Applying patch `item' on input line 66.
Package microtype Info: Applying patch `toc' on input line 66.
Package microtype Info: Applying patch `eqnum' on input line 66.
Package microtype Info: Applying patch `footnote' on input line 66.
Package microtype Info: Applying patch `verbatim' on input line 66.
LaTeX Info: Redefining \microtypesetup on input line 66.
Package microtype Info: Generating PDF output.
Package microtype Info: Character protrusion enabled (level 2).
Package microtype Info: Using default protrusion set `alltext'.
Package microtype Info: Automatic font expansion enabled (level 2),
(microtype)             stretch: 20, shrink: 20, step: 1, non-selected.
Package microtype Info: Using default expansion set `alltext-nott'.
LaTeX Info: Redefining \showhyphens on input line 66.
Package microtype Info: No adjustment of tracking.
Package microtype Info: No adjustment of interword spacing.
Package microtype Info: No adjustment of character kerning.
(/usr/local/texlive/2025basic/texmf-dist/tex/latex/microtype/mt-cmr.cfg
File: mt-cmr.cfg 2013/05/19 v2.2 microtype config. file: Computer Modern Roman (RS)
)



[1


{/usr/local/texlive/2025basic/texmf-var/fonts/map/pdftex/updmap/pdftex.map}

]
LaTeX Font Info:    External font `cmex10' loaded for size
(Font)              <12> on input line 68.
LaTeX Font Info:    External font `cmex10' loaded for size
(Font)              <8> on input line 68.
LaTeX Font Info:    External font `cmex10' loaded for size
(Font)              <6> on input line 68.


Package lineno Warning: Line number reference failed, re-run to get it right.

Package microtype Info: Loading generic protrusion settings for font family
(microtype)             `cmtt' (encoding: OT1).
(microtype)             For optimal results, create family-specific settings.
(microtype)             See the microtype manual for details.

/Users/wchiu/Documents/GitHub/dllm-probing/paper/latex/acl_lualatex.tex:83: LaTeX Error: Unicode character म (U+092E)
               not set up for use with LaTeX.

See the LaTeX manual or LaTeX Companion for explanation.
Type  H <return>  for immediate help.
 ...                                              
                                                  
l.83 ... सार्वभौम घोषणा}
                                                  
You may provide a definition with
\DeclareUnicodeCharacter 


/Users/wchiu/Documents/GitHub/dllm-probing/paper/latex/acl_lualatex.tex:83: LaTeX Error: Unicode character ा (U+093E)
               not set up for use with LaTeX.

See the LaTeX manual or LaTeX Companion for explanation.
Type  H <return>  for immediate help.
 ...                                              
                                                  
l.83 ... सार्वभौम घोषणा}
                                                  
You may provide a definition with
\DeclareUnicodeCharacter 


/Users/wchiu/Documents/GitHub/dllm-probing/paper/latex/acl_lualatex.tex:83: LaTeX Error: Unicode character न (U+0928)
               not set up for use with LaTeX.

See the LaTeX manual or LaTeX Companion for explanation.
Type  H <return>  for immediate help.
 ...                                              
                                                  
l.83 ... सार्वभौम घोषणा}
                                                  
You may provide a definition with
\DeclareUnicodeCharacter 


/Users/wchiu/Documents/GitHub/dllm-probing/paper/latex/acl_lualatex.tex:83: LaTeX Error: Unicode character व (U+0935)
               not set up for use with LaTeX.

See the LaTeX manual or LaTeX Companion for explanation.
Type  H <return>  for immediate help.
 ...                                              
                                                  
l.83 ... सार्वभौम घोषणा}
                                                  
You may provide a definition with
\DeclareUnicodeCharacter 


/Users/wchiu/Documents/GitHub/dllm-probing/paper/latex/acl_lualatex.tex:83: LaTeX Error: Unicode character अ (U+0905)
               not set up for use with LaTeX.

See the LaTeX manual or LaTeX Companion for explanation.
Type  H <return>  for immediate help.
 ...                                              
                                                  
l.83 ... सार्वभौम घोषणा}
                                                  
You may provide a definition with
\DeclareUnicodeCharacter 


/Users/wchiu/Documents/GitHub/dllm-probing/paper/latex/acl_lualatex.tex:83: LaTeX Error: Unicode character ध (U+0927)
               not set up for use with LaTeX.

See the LaTeX manual or LaTeX Companion for explanation.
Type  H <return>  for immediate help.
 ...                                              
                                                  
l.83 ... सार्वभौम घोषणा}
                                                  
You may provide a definition with
\DeclareUnicodeCharacter 


/Users/wchiu/Documents/GitHub/dllm-probing/paper/latex/acl_lualatex.tex:83: LaTeX Error: Unicode character ि (U+093F)
               not set up for use with LaTeX.

See the LaTeX manual or LaTeX Companion for explanation.
Type  H <return>  for immediate help.
 ...                                              
                                                  
l.83 ... सार्वभौम घोषणा}
                                                  
You may provide a definition with
\DeclareUnicodeCharacter 


/Users/wchiu/Documents/GitHub/dllm-probing/paper/latex/acl_lualatex.tex:83: LaTeX Error: Unicode character क (U+0915)
               not set up for use with LaTeX.

See the LaTeX manual or LaTeX Companion for explanation.
Type  H <return>  for immediate help.
 ...                                              
                                                  
l.83 ... सार्वभौम घोषणा}
                                                  
You may provide a definition with
\DeclareUnicodeCharacter 


/Users/wchiu/Documents/GitHub/dllm-probing/paper/latex/acl_lualatex.tex:83: LaTeX Error: Unicode character ा (U+093E)
               not set up for use with LaTeX.

See the LaTeX manual or LaTeX Companion for explanation.
Type  H <return>  for immediate help.
 ...                                              
                                                  
l.83 ... सार्वभौम घोषणा}
                                                  
You may provide a definition with
\DeclareUnicodeCharacter 


/Users/wchiu/Documents/GitHub/dllm-probing/paper/latex/acl_lualatex.tex:83: LaTeX Error: Unicode character र (U+0930)
               not set up for use with LaTeX.

See the LaTeX manual or LaTeX Companion for explanation.
Type  H <return>  for immediate help.
 ...                                              
                                                  
l.83 ... सार्वभौम घोषणा}
                                                  
You may provide a definition with
\DeclareUnicodeCharacter 


/Users/wchiu/Documents/GitHub/dllm-probing/paper/latex/acl_lualatex.tex:83: LaTeX Error: Unicode character ो (U+094B)
               not set up for use with LaTeX.

See the LaTeX manual or LaTeX Companion for explanation.
Type  H <return>  for immediate help.
 ...                                              
                                                  
l.83 ... सार्वभौम घोषणा}
                                                  
You may provide a definition with
\DeclareUnicodeCharacter 


/Users/wchiu/Documents/GitHub/dllm-probing/paper/latex/acl_lualatex.tex:83: LaTeX Error: Unicode character ं (U+0902)
               not set up for use with LaTeX.

See the LaTeX manual or LaTeX Companion for explanation.
Type  H <return>  for immediate help.
 ...                                              
                                                  
l.83 ... सार्वभौम घोषणा}
                                                  
You may provide a definition with
\DeclareUnicodeCharacter 


/Users/wchiu/Documents/GitHub/dllm-probing/paper/latex/acl_lualatex.tex:83: LaTeX Error: Unicode character क (U+0915)
               not set up for use with LaTeX.

See the LaTeX manual or LaTeX Companion for explanation.
Type  H <return>  for immediate help.
 ...                                              
                                                  
l.83 ... सार्वभौम घोषणा}
                                                  
You may provide a definition with
\DeclareUnicodeCharacter 


/Users/wchiu/Documents/GitHub/dllm-probing/paper/latex/acl_lualatex.tex:83: LaTeX Error: Unicode character ी (U+0940)
               not set up for use with LaTeX.

See the LaTeX manual or LaTeX Companion for explanation.
Type  H <return>  for immediate help.
 ...                                              
                                                  
l.83 ... सार्वभौम घोषणा}
                                                  
You may provide a definition with
\DeclareUnicodeCharacter 


/Users/wchiu/Documents/GitHub/dllm-probing/paper/latex/acl_lualatex.tex:83: LaTeX Error: Unicode character स (U+0938)
               not set up for use with LaTeX.

See the LaTeX manual or LaTeX Companion for explanation.
Type  H <return>  for immediate help.
 ...                                              
                                                  
l.83 ... सार्वभौम घोषणा}
                                                  
You may provide a definition with
\DeclareUnicodeCharacter 


/Users/wchiu/Documents/GitHub/dllm-probing/paper/latex/acl_lualatex.tex:83: LaTeX Error: Unicode character ा (U+093E)
               not set up for use with LaTeX.

See the LaTeX manual or LaTeX Companion for explanation.
Type  H <return>  for immediate help.
 ...                                              
                                                  
l.83 ... सार्वभौम घोषणा}
                                                  
You may provide a definition with
\DeclareUnicodeCharacter 


/Users/wchiu/Documents/GitHub/dllm-probing/paper/latex/acl_lualatex.tex:83: LaTeX Error: Unicode character र (U+0930)
               not set up for use with LaTeX.

See the LaTeX manual or LaTeX Companion for explanation.
Type  H <return>  for immediate help.
 ...                                              
                                                  
l.83 ... सार्वभौम घोषणा}
                                                  
You may provide a definition with
\DeclareUnicodeCharacter 


/Users/wchiu/Documents/GitHub/dllm-probing/paper/latex/acl_lualatex.tex:83: LaTeX Error: Unicode character ् (U+094D)
               not set up for use with LaTeX.

See the LaTeX manual or LaTeX Companion for explanation.
Type  H <return>  for immediate help.
 ...                                              
                                                  
l.83 ... सार्वभौम घोषणा}
                                                  
You may provide a definition with
\DeclareUnicodeCharacter 


/Users/wchiu/Documents/GitHub/dllm-probing/paper/latex/acl_lualatex.tex:83: LaTeX Error: Unicode character व (U+0935)
               not set up for use with LaTeX.

See the LaTeX manual or LaTeX Companion for explanation.
Type  H <return>  for immediate help.
 ...                                              
                                                  
l.83 ... सार्वभौम घोषणा}
                                                  
You may provide a definition with
\DeclareUnicodeCharacter 


/Users/wchiu/Documents/GitHub/dllm-probing/paper/latex/acl_lualatex.tex:83: LaTeX Error: Unicode character भ (U+092D)
               not set up for use with LaTeX.

See the LaTeX manual or LaTeX Companion for explanation.
Type  H <return>  for immediate help.
 ...                                              
                                                  
l.83 ... सार्वभौम घोषणा}
                                                  
You may provide a definition with
\DeclareUnicodeCharacter 


/Users/wchiu/Documents/GitHub/dllm-probing/paper/latex/acl_lualatex.tex:83: LaTeX Error: Unicode character ौ (U+094C)
               not set up for use with LaTeX.

See the LaTeX manual or LaTeX Companion for explanation.
Type  H <return>  for immediate help.
 ...                                              
                                                  
l.83 ... सार्वभौम घोषणा}
                                                  
You may provide a definition with
\DeclareUnicodeCharacter 


/Users/wchiu/Documents/GitHub/dllm-probing/paper/latex/acl_lualatex.tex:83: LaTeX Error: Unicode character म (U+092E)
               not set up for use with LaTeX.

See the LaTeX manual or LaTeX Companion for explanation.
Type  H <return>  for immediate help.
 ...                                              
                                                  
l.83 ... सार्वभौम घोषणा}
                                                  
You may provide a definition with
\DeclareUnicodeCharacter 


/Users/wchiu/Documents/GitHub/dllm-probing/paper/latex/acl_lualatex.tex:83: LaTeX Error: Unicode character घ (U+0918)
               not set up for use with LaTeX.

See the LaTeX manual or LaTeX Companion for explanation.
Type  H <return>  for immediate help.
 ...                                              
                                                  
l.83 ... सार्वभौम घोषणा}
                                                  
You may provide a definition with
\DeclareUnicodeCharacter 


/Users/wchiu/Documents/GitHub/dllm-probing/paper/latex/acl_lualatex.tex:83: LaTeX Error: Unicode character ो (U+094B)
               not set up for use with LaTeX.

See the LaTeX manual or LaTeX Companion for explanation.
Type  H <return>  for immediate help.
 ...                                              
                                                  
l.83 ... सार्वभौम घोषणा}
                                                  
You may provide a definition with
\DeclareUnicodeCharacter 


/Users/wchiu/Documents/GitHub/dllm-probing/paper/latex/acl_lualatex.tex:83: LaTeX Error: Unicode character ष (U+0937)
               not set up for use with LaTeX.

See the LaTeX manual or LaTeX Companion for explanation.
Type  H <return>  for immediate help.
 ...                                              
                                                  
l.83 ... सार्वभौम घोषणा}
                                                  
You may provide a definition with
\DeclareUnicodeCharacter 


/Users/wchiu/Documents/GitHub/dllm-probing/paper/latex/acl_lualatex.tex:83: LaTeX Error: Unicode character ण (U+0923)
               not set up for use with LaTeX.

See the LaTeX manual or LaTeX Companion for explanation.
Type  H <return>  for immediate help.
 ...                                              
                                                  
l.83 ... सार्वभौम घोषणा}
                                                  
You may provide a definition with
\DeclareUnicodeCharacter 


/Users/wchiu/Documents/GitHub/dllm-probing/paper/latex/acl_lualatex.tex:83: LaTeX Error: Unicode character ा (U+093E)
               not set up for use with LaTeX.

See the LaTeX manual or LaTeX Companion for explanation.
Type  H <return>  for immediate help.
 ...                                              
                                                  
l.83 ... सार्वभौम घोषणा}
                                                  
You may provide a definition with
\DeclareUnicodeCharacter 


/Users/wchiu/Documents/GitHub/dllm-probing/paper/latex/acl_lualatex.tex:85: LaTeX Error: Unicode character ا (U+0627)
               not set up for use with LaTeX.

See the LaTeX manual or LaTeX Companion for explanation.
Type  H <return>  for immediate help.
 ...                                              
                                                  
l.85 ... العالمي لحقوق الإنسان}
                                                  
You may provide a definition with
\DeclareUnicodeCharacter 


/Users/wchiu/Documents/GitHub/dllm-probing/paper/latex/acl_lualatex.tex:85: LaTeX Error: Unicode character ل (U+0644)
               not set up for use with LaTeX.

See the LaTeX manual or LaTeX Companion for explanation.
Type  H <return>  for immediate help.
 ...                                              
                                                  
l.85 ... العالمي لحقوق الإنسان}
                                                  
You may provide a definition with
\DeclareUnicodeCharacter 


/Users/wchiu/Documents/GitHub/dllm-probing/paper/latex/acl_lualatex.tex:85: LaTeX Error: Unicode character إ (U+0625)
               not set up for use with LaTeX.

See the LaTeX manual or LaTeX Companion for explanation.
Type  H <return>  for immediate help.
 ...                                              
                                                  
l.85 ... العالمي لحقوق الإنسان}
                                                  
You may provide a definition with
\DeclareUnicodeCharacter 


/Users/wchiu/Documents/GitHub/dllm-probing/paper/latex/acl_lualatex.tex:85: LaTeX Error: Unicode character ع (U+0639)
               not set up for use with LaTeX.

See the LaTeX manual or LaTeX Companion for explanation.
Type  H <return>  for immediate help.
 ...                                              
                                                  
l.85 ... العالمي لحقوق الإنسان}
                                                  
You may provide a definition with
\DeclareUnicodeCharacter 


/Users/wchiu/Documents/GitHub/dllm-probing/paper/latex/acl_lualatex.tex:85: LaTeX Error: Unicode character ل (U+0644)
               not set up for use with LaTeX.

See the LaTeX manual or LaTeX Companion for explanation.
Type  H <return>  for immediate help.
 ...                                              
                                                  
l.85 ... العالمي لحقوق الإنسان}
                                                  
You may provide a definition with
\DeclareUnicodeCharacter 


/Users/wchiu/Documents/GitHub/dllm-probing/paper/latex/acl_lualatex.tex:85: LaTeX Error: Unicode character ا (U+0627)
               not set up for use with LaTeX.

See the LaTeX manual or LaTeX Companion for explanation.
Type  H <return>  for immediate help.
 ...                                              
                                                  
l.85 ... العالمي لحقوق الإنسان}
                                                  
You may provide a definition with
\DeclareUnicodeCharacter 


/Users/wchiu/Documents/GitHub/dllm-probing/paper/latex/acl_lualatex.tex:85: LaTeX Error: Unicode character ن (U+0646)
               not set up for use with LaTeX.

See the LaTeX manual or LaTeX Companion for explanation.
Type  H <return>  for immediate help.
 ...                                              
                                                  
l.85 ... العالمي لحقوق الإنسان}
                                                  
You may provide a definition with
\DeclareUnicodeCharacter 


/Users/wchiu/Documents/GitHub/dllm-probing/paper/latex/acl_lualatex.tex:85: LaTeX Error: Unicode character ا (U+0627)
               not set up for use with LaTeX.

See the LaTeX manual or LaTeX Companion for explanation.
Type  H <return>  for immediate help.
 ...                                              
                                                  
l.85 ... العالمي لحقوق الإنسان}
                                                  
You may provide a definition with
\DeclareUnicodeCharacter 


/Users/wchiu/Documents/GitHub/dllm-probing/paper/latex/acl_lualatex.tex:85: LaTeX Error: Unicode character ل (U+0644)
               not set up for use with LaTeX.

See the LaTeX manual or LaTeX Companion for explanation.
Type  H <return>  for immediate help.
 ...                                              
                                                  
l.85 ... العالمي لحقوق الإنسان}
                                                  
You may provide a definition with
\DeclareUnicodeCharacter 


/Users/wchiu/Documents/GitHub/dllm-probing/paper/latex/acl_lualatex.tex:85: LaTeX Error: Unicode character ع (U+0639)
               not set up for use with LaTeX.

See the LaTeX manual or LaTeX Companion for explanation.
Type  H <return>  for immediate help.
 ...                                              
                                                  
l.85 ... العالمي لحقوق الإنسان}
                                                  
You may provide a definition with
\DeclareUnicodeCharacter 


/Users/wchiu/Documents/GitHub/dllm-probing/paper/latex/acl_lualatex.tex:85: LaTeX Error: Unicode character ا (U+0627)
               not set up for use with LaTeX.

See the LaTeX manual or LaTeX Companion for explanation.
Type  H <return>  for immediate help.
 ...                                              
                                                  
l.85 ... العالمي لحقوق الإنسان}
                                                  
You may provide a definition with
\DeclareUnicodeCharacter 


/Users/wchiu/Documents/GitHub/dllm-probing/paper/latex/acl_lualatex.tex:85: LaTeX Error: Unicode character ل (U+0644)
               not set up for use with LaTeX.

See the LaTeX manual or LaTeX Companion for explanation.
Type  H <return>  for immediate help.
 ...                                              
                                                  
l.85 ... العالمي لحقوق الإنسان}
                                                  
You may provide a definition with
\DeclareUnicodeCharacter 


/Users/wchiu/Documents/GitHub/dllm-probing/paper/latex/acl_lualatex.tex:85: LaTeX Error: Unicode character م (U+0645)
               not set up for use with LaTeX.

See the LaTeX manual or LaTeX Companion for explanation.
Type  H <return>  for immediate help.
 ...                                              
                                                  
l.85 ... العالمي لحقوق الإنسان}
                                                  
You may provide a definition with
\DeclareUnicodeCharacter 


/Users/wchiu/Documents/GitHub/dllm-probing/paper/latex/acl_lualatex.tex:85: LaTeX Error: Unicode character ي (U+064A)
               not set up for use with LaTeX.

See the LaTeX manual or LaTeX Companion for explanation.
Type  H <return>  for immediate help.
 ...                                              
                                                  
l.85 ... العالمي لحقوق الإنسان}
                                                  
You may provide a definition with
\DeclareUnicodeCharacter 


/Users/wchiu/Documents/GitHub/dllm-probing/paper/latex/acl_lualatex.tex:85: LaTeX Error: Unicode character ل (U+0644)
               not set up for use with LaTeX.

See the LaTeX manual or LaTeX Companion for explanation.
Type  H <return>  for immediate help.
 ...                                              
                                                  
l.85 ... العالمي لحقوق الإنسان}
                                                  
You may provide a definition with
\DeclareUnicodeCharacter 


/Users/wchiu/Documents/GitHub/dllm-probing/paper/latex/acl_lualatex.tex:85: LaTeX Error: Unicode character ح (U+062D)
               not set up for use with LaTeX.

See the LaTeX manual or LaTeX Companion for explanation.
Type  H <return>  for immediate help.
 ...                                              
                                                  
l.85 ... العالمي لحقوق الإنسان}
                                                  
You may provide a definition with
\DeclareUnicodeCharacter 


/Users/wchiu/Documents/GitHub/dllm-probing/paper/latex/acl_lualatex.tex:85: LaTeX Error: Unicode character ق (U+0642)
               not set up for use with LaTeX.

See the LaTeX manual or LaTeX Companion for explanation.
Type  H <return>  for immediate help.
 ...                                              
                                                  
l.85 ... العالمي لحقوق الإنسان}
                                                  
You may provide a definition with
\DeclareUnicodeCharacter 


/Users/wchiu/Documents/GitHub/dllm-probing/paper/latex/acl_lualatex.tex:85: LaTeX Error: Unicode character و (U+0648)
               not set up for use with LaTeX.

See the LaTeX manual or LaTeX Companion for explanation.
Type  H <return>  for immediate help.
 ...                                              
                                                  
l.85 ... العالمي لحقوق الإنسان}
                                                  
You may provide a definition with
\DeclareUnicodeCharacter 


/Users/wchiu/Documents/GitHub/dllm-probing/paper/latex/acl_lualatex.tex:85: LaTeX Error: Unicode character ق (U+0642)
               not set up for use with LaTeX.

See the LaTeX manual or LaTeX Companion for explanation.
Type  H <return>  for immediate help.
 ...                                              
                                                  
l.85 ... العالمي لحقوق الإنسان}
                                                  
You may provide a definition with
\DeclareUnicodeCharacter 


/Users/wchiu/Documents/GitHub/dllm-probing/paper/latex/acl_lualatex.tex:85: LaTeX Error: Unicode character ا (U+0627)
               not set up for use with LaTeX.

See the LaTeX manual or LaTeX Companion for explanation.
Type  H <return>  for immediate help.
 ...                                              
                                                  
l.85 ... العالمي لحقوق الإنسان}
                                                  
You may provide a definition with
\DeclareUnicodeCharacter 


/Users/wchiu/Documents/GitHub/dllm-probing/paper/latex/acl_lualatex.tex:85: LaTeX Error: Unicode character ل (U+0644)
               not set up for use with LaTeX.

See the LaTeX manual or LaTeX Companion for explanation.
Type  H <return>  for immediate help.
 ...                                              
                                                  
l.85 ... العالمي لحقوق الإنسان}
                                                  
You may provide a definition with
\DeclareUnicodeCharacter 


/Users/wchiu/Documents/GitHub/dllm-probing/paper/latex/acl_lualatex.tex:85: LaTeX Error: Unicode character إ (U+0625)
               not set up for use with LaTeX.

See the LaTeX manual or LaTeX Companion for explanation.
Type  H <return>  for immediate help.
 ...                                              
                                                  
l.85 ... العالمي لحقوق الإنسان}
                                                  
You may provide a definition with
\DeclareUnicodeCharacter 


/Users/wchiu/Documents/GitHub/dllm-probing/paper/latex/acl_lualatex.tex:85: LaTeX Error: Unicode character ن (U+0646)
               not set up for use with LaTeX.

See the LaTeX manual or LaTeX Companion for explanation.
Type  H <return>  for immediate help.
 ...                                              
                                                  
l.85 ... العالمي لحقوق الإنسان}
                                                  
You may provide a definition with
\DeclareUnicodeCharacter 


/Users/wchiu/Documents/GitHub/dllm-probing/paper/latex/acl_lualatex.tex:85: LaTeX Error: Unicode character س (U+0633)
               not set up for use with LaTeX.

See the LaTeX manual or LaTeX Companion for explanation.
Type  H <return>  for immediate help.
 ...                                              
                                                  
l.85 ... العالمي لحقوق الإنسان}
                                                  
You may provide a definition with
\DeclareUnicodeCharacter 


/Users/wchiu/Documents/GitHub/dllm-probing/paper/latex/acl_lualatex.tex:85: LaTeX Error: Unicode character ا (U+0627)
               not set up for use with LaTeX.

See the LaTeX manual or LaTeX Companion for explanation.
Type  H <return>  for immediate help.
 ...                                              
                                                  
l.85 ... العالمي لحقوق الإنسان}
                                                  
You may provide a definition with
\DeclareUnicodeCharacter 


/Users/wchiu/Documents/GitHub/dllm-probing/paper/latex/acl_lualatex.tex:85: LaTeX Error: Unicode character ن (U+0646)
               not set up for use with LaTeX.

See the LaTeX manual or LaTeX Companion for explanation.
Type  H <return>  for immediate help.
 ...                                              
                                                  
l.85 ... العالمي لحقوق الإنسان}
                                                  
You may provide a definition with
\DeclareUnicodeCharacter 


Package natbib Warning: Citation `Gusfield:97' on page 2 undefined on input line 88.

(./acl_lualatex.bbl

./acl_lualatex.bbl:4: LaTeX Error: Something's wrong--perhaps a missing \item.

See the LaTeX manual or LaTeX Companion for explanation.
Type  H <return>  for immediate help.
 ...                                              
                                                  
l.4 \end{thebibliography}
                         
Try typing  <return>  to proceed.
If that doesn't work, type  X <return>  to quit.

)

Package natbib Warning: There were undefined citations.





[2

{/usr/local/texlive/2025basic/texmf-dist/fonts/enc/dvips/base/8r.enc}

] (./acl_lualatex.aux)
 ***********
LaTeX2e <2024-11-01> patch level 2
L3 programming layer <2025-01-18>
 ***********


LaTeX Warning: Label(s) may have changed. Rerun to get cross-references right.


Package rerunfilecheck Warning: File `acl_lualatex.out' has changed.
(rerunfilecheck)                Rerun to get outlines right
(rerunfilecheck)                or use package `bookmark'.

Package rerunfilecheck Info: Checksums for `acl_lualatex.out':
(rerunfilecheck)             Before: <no file>
(rerunfilecheck)             After:  432EB692D5D289FEF30B09EB29C573A6;230.
 ) 
Here is how much of TeX's memory you used:
 14485 strings out of 474662
 240325 string characters out of 5751108
 710051 words of memory out of 5000000
 37351 multiletter control sequences out of 15000+600000
 566031 words of font info for 74 fonts, out of 8000000 for 9000
 319 hyphenation exceptions out of 8191
 84i,10n,93p,1064b,497s stack positions out of 10000i,1000n,20000p,200000b,200000s
</usr/local/texlive/2025basic/texmf-dist/fonts/type1/public/amsfonts/cm/cmbx10.pfb></usr/local/texlive/2025basic/texmf-dist/fonts/type1/public/amsfonts/cm/cmbx12.pfb></usr/local/texlive/2025basic/texmf-dist/fonts/type1/public/amsfonts/cm/cmr10.pfb></usr/local/texlive/2025basic/texmf-dist/fonts/type1/public/amsfonts/cm/cmtt10.pfb></usr/local/texlive/2025basic/texmf-dist/fonts/type1/urw/helvetic/uhvb8a.pfb>
Output written on acl_lualatex.pdf (2 pages, 62071 bytes).
PDF statistics:
 46 PDF objects out of 1000 (max. 8388607)
 31 compressed objects within 1 object stream
 6 named destinations out of 1000 (max. 500000)
 18945 words of extra memory for PDF output out of 20736 (max. 10000000)

