This is pdfTeX, Version 3.141592653-2.6-1.40.29 (TeX Live 2026) (preloaded format=pdflatex 2026.4.12)  26 MAY 2026 19:14
entering extended mode
 restricted \write18 enabled.
 %&-line parsing enabled.
**acl_latex.tex
(./acl_latex.tex
LaTeX2e <2025-11-01>
L3 programming layer <2026-01-19>
(/usr/local/texlive/2026/texmf-dist/tex/latex/base/article.cls
Document Class: article 2025/01/22 v1.4n Standard LaTeX document class
(/usr/local/texlive/2026/texmf-dist/tex/latex/base/size11.clo
File: size11.clo 2025/01/22 v1.4n Standard LaTeX file (size option)
)
\c@part=\count275
\c@section=\count276
\c@subsection=\count277
\c@subsubsection=\count278
\c@paragraph=\count279
\c@subparagraph=\count280
\c@figure=\count281
\c@table=\count282
\abovecaptionskip=\skip49
\belowcaptionskip=\skip50
\bibindent=\dimen148
) (./acl.sty
Conference Style for ACL
(/usr/local/texlive/2026/texmf-dist/tex/latex/xcolor/xcolor.sty
Package: xcolor 2024/09/29 v3.02 LaTeX color extensions (UK)

(/usr/local/texlive/2026/texmf-dist/tex/latex/graphics-cfg/color.cfg
File: color.cfg 2016/01/02 v1.6 sample color configuration
)
Package xcolor Info: Driver file: pdftex.def on input line 274.

(/Users/wchiu/Library/texmf/tex/latex/graphics-def/pdftex.def
File: pdftex.def 2025/09/29 v1.2d Graphics/color driver for pdftex
)
(/usr/local/texlive/2026/texmf-dist/tex/latex/graphics/mathcolor.ltx)
Package xcolor Info: Model `cmy' substituted by `cmy0' on input line 1349.
Package xcolor Info: Model `hsb' substituted by `rgb' on input line 1353.
Package xcolor Info: Model `RGB' extended on input line 1365.
Package xcolor Info: Model `HTML' substituted by `rgb' on input line 1367.
Package xcolor Info: Model `Hsb' substituted by `hsb' on input line 1368.
Package xcolor Info: Model `tHsb' substituted by `hsb' on input line 1369.
Package xcolor Info: Model `HSB' substituted by `hsb' on input line 1370.
Package xcolor Info: Model `Gray' substituted by `gray' on input line 1371.
Package xcolor Info: Model `wave' substituted by `hsb' on input line 1372.
)
(/usr/local/texlive/2026/texmf-dist/tex/latex/lineno/lineno.sty
Package: lineno 2026/03/08 line numbers on paragraphs v5.9

(/usr/local/texlive/2026/texmf-dist/tex/latex/etoolbox/etoolbox.sty
Package: etoolbox 2025/10/02 v2.5m e-TeX tools for LaTeX (JAW)
\etb@tempcnta=\count283
)
(/usr/local/texlive/2026/texmf-dist/tex/latex/kvoptions/kvoptions.sty
Package: kvoptions 2022-06-15 v3.15 Key value format for package options (HO)

(/usr/local/texlive/2026/texmf-dist/tex/latex/graphics/keyval.sty
Package: keyval 2022/05/29 v1.15 key=value parser (DPC)
\KV@toks@=\toks17
)
(/usr/local/texlive/2026/texmf-dist/tex/generic/ltxcmds/ltxcmds.sty
Package: ltxcmds 2023-12-04 v1.26 LaTeX kernel commands for general use (HO)
)
(/usr/local/texlive/2026/texmf-dist/tex/latex/kvsetkeys/kvsetkeys.sty
Package: kvsetkeys 2022-10-05 v1.19 Key value parser (HO)
))
\linenopenalty=\count284
\output=\toks18
\linenoprevgraf=\count285
\linenumbersep=\dimen149
\linenumberwidth=\dimen150
\c@linenumber=\count286
\c@pagewiselinenumber=\count287
\c@LN@truepage=\count288
\c@internallinenumber=\count289
\c@internallinenumbers=\count290
\quotelinenumbersep=\dimen151
\bframerule=\dimen152
\bframesep=\dimen153
\bframebox=\box53
)
\cv@tmpc@=\count291
\cv@tmpc=\count292

(/usr/local/texlive/2026/texmf-dist/tex/latex/geometry/geometry.sty
Package: geometry 2026/03/07 v6.0 Page Geometry

(/usr/local/texlive/2026/texmf-dist/tex/generic/iftex/ifvtex.sty
Package: ifvtex 2019/10/25 v1.7 ifvtex legacy package. Use iftex instead.

(/usr/local/texlive/2026/texmf-dist/tex/generic/iftex/iftex.sty
Package: iftex 2024/12/12 v1.0g TeX engine tests
))
\Gm@cnth=\count293
\Gm@cntv=\count294
\c@Gm@tempcnt=\count295
\Gm@bindingoffset=\dimen154
\Gm@wd@mp=\dimen155
\Gm@odd@mp=\dimen156
\Gm@even@mp=\dimen157
\Gm@layoutwidth=\dimen158
\Gm@layoutheight=\dimen159
\Gm@layouthoffset=\dimen160
\Gm@layoutvoffset=\dimen161
\Gm@dimlist=\toks19
)
\titlebox=\skip51

(/Users/wchiu/Library/texmf/tex/latex/caption/caption.sty
Package: caption 2023/08/05 v3.6o Customizing captions (AR)

(/Users/wchiu/Library/texmf/tex/latex/caption/caption3.sty
Package: caption3 2023/07/31 v2.4d caption3 kernel (AR)
\caption@tempdima=\dimen162
\captionmargin=\dimen163
\caption@leftmargin=\dimen164
\caption@rightmargin=\dimen165
\caption@width=\dimen166
\caption@indent=\dimen167
\caption@parindent=\dimen168
\caption@hangindent=\dimen169
Package caption Info: Standard document class detected.
)
\c@caption@flags=\count296
\c@continuedfloat=\count297
)
(/Users/wchiu/Library/texmf/tex/latex/natbib/natbib.sty
Package: natbib 2010/09/13 8.31b (PWD, AO)
\bibhang=\skip52
\bibsep=\skip53
LaTeX Info: Redefining \cite on input line 694.
\c@NAT@ctr=\count298
)
(/Users/wchiu/Library/texmf/tex/latex/hyperref/hyperref.sty
Package: hyperref 2026-01-29 v7.01p Hypertext links for LaTeX

(/usr/local/texlive/2026/texmf-dist/tex/generic/kvdefinekeys/kvdefinekeys.sty
Package: kvdefinekeys 2019-12-19 v1.6 Define keys (HO)
)
(/usr/local/texlive/2026/texmf-dist/tex/generic/pdfescape/pdfescape.sty
Package: pdfescape 2019/12/09 v1.15 Implements pdfTeX's escape features (HO)

(/usr/local/texlive/2026/texmf-dist/tex/generic/pdftexcmds/pdftexcmds.sty
Package: pdftexcmds 2020-06-27 v0.33 Utility functions of pdfTeX for LuaTeX (HO
)

(/usr/local/texlive/2026/texmf-dist/tex/generic/infwarerr/infwarerr.sty
Package: infwarerr 2019/12/03 v1.5 Providing info/warning/error messages (HO)
)
Package pdftexcmds Info: \pdf@primitive is available.
Package pdftexcmds Info: \pdf@ifprimitive is available.
Package pdftexcmds Info: \pdfdraftmode found.
))
(/usr/local/texlive/2026/texmf-dist/tex/latex/hycolor/hycolor.sty
Package: hycolor 2020-01-27 v1.10 Color options for hyperref/bookmark (HO)
)
(/Users/wchiu/Library/texmf/tex/latex/hyperref/nameref.sty
Package: nameref 2026-01-29 v2.58 Cross-referencing by name of section

(/usr/local/texlive/2026/texmf-dist/tex/latex/refcount/refcount.sty
Package: refcount 2019/12/15 v3.6 Data extraction from label references (HO)
)
(/usr/local/texlive/2026/texmf-dist/tex/generic/gettitlestring/gettitlestring.s
ty
Package: gettitlestring 2019/12/15 v1.6 Cleanup title references (HO)
)
\c@section@level=\count299
) (/usr/local/texlive/2026/texmf-dist/tex/generic/stringenc/stringenc.sty
Package: stringenc 2019/11/29 v1.12 Convert strings between diff. encodings (HO
)
)
\@linkdim=\dimen170
\Hy@linkcounter=\count300
\Hy@pagecounter=\count301

(/Users/wchiu/Library/texmf/tex/latex/hyperref/pd1enc.def
File: pd1enc.def 2026-01-29 v7.01p Hyperref: PDFDocEncoding definition (HO)
Now handling font encoding PD1 ...
... no UTF-8 mapping file for font encoding PD1
)
(/usr/local/texlive/2026/texmf-dist/tex/generic/intcalc/intcalc.sty
Package: intcalc 2019/12/15 v1.3 Expandable calculations with integers (HO)
)
\Hy@SavedSpaceFactor=\count302

(/Users/wchiu/Library/texmf/tex/latex/hyperref/puenc.def
File: puenc.def 2026-01-29 v7.01p Hyperref: PDF Unicode definition (HO)
Now handling font encoding PU ...
... no UTF-8 mapping file for font encoding PU
)
Package hyperref Info: Option `breaklinks' set `true' on input line 4072.
Package hyperref Info: Hyper figures OFF on input line 4201.
Package hyperref Info: Link nesting OFF on input line 4206.
Package hyperref Info: Hyper index ON on input line 4209.
Package hyperref Info: Plain pages OFF on input line 4216.
Package hyperref Info: Backreferencing OFF on input line 4221.
Package hyperref Info: Implicit mode ON; LaTeX internals redefined.
Package hyperref Info: Bookmarks ON on input line 4468.
\c@Hy@tempcnt=\count303

(/usr/local/texlive/2026/texmf-dist/tex/latex/url/url.sty
\Urlmuskip=\muskip17
Package: url 2013/09/16  ver 3.4  Verb mode for urls, etc.
)
LaTeX Info: Redefining \url on input line 4807.
\XeTeXLinkMargin=\dimen171

(/usr/local/texlive/2026/texmf-dist/tex/generic/bitset/bitset.sty
Package: bitset 2019/12/09 v1.3 Handle bit-vector datatype (HO)

(/usr/local/texlive/2026/texmf-dist/tex/generic/bigintcalc/bigintcalc.sty
Package: bigintcalc 2019/12/15 v1.5 Expandable calculations on big integers (HO
)
))
\Fld@menulength=\count304
\Field@Width=\dimen172
\Fld@charsize=\dimen173
Package hyperref Info: Hyper figures OFF on input line 6084.
Package hyperref Info: Link nesting OFF on input line 6089.
Package hyperref Info: Hyper index ON on input line 6092.
Package hyperref Info: backreferencing OFF on input line 6099.
Package hyperref Info: Link coloring OFF on input line 6104.
Package hyperref Info: Link coloring with OCG OFF on input line 6109.
Package hyperref Info: PDF/A mode OFF on input line 6114.
\Hy@abspage=\count305
\c@Item=\count306
\c@Hfootnote=\count307
)
Package hyperref Info: Driver (autodetected): hpdftex.

(/Users/wchiu/Library/texmf/tex/latex/hyperref/hpdftex.def
File: hpdftex.def 2026-01-29 v7.01p Hyperref driver for pdfTeX
\Fld@listcount=\count308
\c@bookmark@seq@number=\count309

(/usr/local/texlive/2026/texmf-dist/tex/latex/rerunfilecheck/rerunfilecheck.sty
Package: rerunfilecheck 2025-06-21 v1.11 Rerun checks for auxiliary files (HO)

(/usr/local/texlive/2026/texmf-dist/tex/generic/uniquecounter/uniquecounter.sty
Package: uniquecounter 2019/12/15 v1.4 Provide unlimited unique counter (HO)
)
Package uniquecounter Info: New unique counter `rerunfilecheck' on input line 2
84.
)
\Hy@SectionHShift=\skip54
)
Package hyperref Info: Option `colorlinks' set `true' on input line 305.
) (/Users/wchiu/Library/texmf/tex/latex/psnfss/times.sty
Package: times 2020/03/25 PSNFSS-v9.3 (SPQR) 
)
(/usr/local/texlive/2026/texmf-dist/tex/latex/base/latexsym.sty
Package: latexsym 1998/08/17 v2.2e Standard LaTeX package (lasy symbols)
\symlasy=\mathgroup4
LaTeX Font Info:    Overwriting symbol font `lasy' in version `bold'
(Font)                  U/lasy/m/n --> U/lasy/b/n on input line 52.
)
(/usr/local/texlive/2026/texmf-dist/tex/latex/base/fontenc.sty
Package: fontenc 2025/07/18 v2.1d Standard LaTeX package
LaTeX Font Info:    Trying to load font information for T1+ptm on input line 11
6.

(/Users/wchiu/Library/texmf/tex/latex/psnfss/t1ptm.fd
File: t1ptm.fd 2001/06/04 font definitions for T1/ptm.
))
(/usr/local/texlive/2026/texmf-dist/tex/latex/base/inputenc.sty
Package: inputenc 2024/02/08 v1.3d Input encoding file
\inpenc@prehook=\toks20
\inpenc@posthook=\toks21
)
(/usr/local/texlive/2026/texmf-dist/tex/latex/microtype/microtype.sty
Package: microtype 2026/03/01 v3.2d Micro-typographical refinements (RS)
\MT@toks=\toks22
\MT@tempbox=\box54
\MT@count=\count310
LaTeX Info: Redefining \noprotrusionifhmode on input line 1084.
LaTeX Info: Redefining \leftprotrusion on input line 1085.
\MT@prot@toks=\toks23
LaTeX Info: Redefining \rightprotrusion on input line 1104.
LaTeX Info: Redefining \textls on input line 1449.
\MT@outer@kern=\dimen174
LaTeX Info: Redefining \microtypecontext on input line 2053.
LaTeX Info: Redefining \textmicrotypecontext on input line 2070.
\MT@listname@count=\count311

(/usr/local/texlive/2026/texmf-dist/tex/latex/microtype/microtype-pdftex.def
File: microtype-pdftex.def 2026/03/01 v3.2d Definitions specific to pdftex (RS)

LaTeX Info: Redefining \lsstyle on input line 944.
LaTeX Info: Redefining \lslig on input line 944.
\MT@outer@space=\skip55
)
Package microtype Info: Loading configuration file microtype.cfg.

(/usr/local/texlive/2026/texmf-dist/tex/latex/microtype/microtype.cfg
File: microtype.cfg 2026/03/01 v3.2d microtype main configuration file (RS)
)
LaTeX Info: Redefining \microtypesetup on input line 3065.
)
(/usr/local/texlive/2026/texmf-dist/tex/latex/inconsolata/inconsolata.sty
Package: inconsolata 2019/05/17 v1.12

`inconsolata-zi4' v1.12, 2019/05/17 Text macros for Inconsolata (msharpe)
(/usr/local/texlive/2026/texmf-dist/tex/latex/base/textcomp.sty
Package: textcomp 2024/04/24 v2.1b Standard LaTeX package
)
(/usr/local/texlive/2026/texmf-dist/tex/latex/xkeyval/xkeyval.sty
Package: xkeyval 2025/11/04 v2.10 package option processing (HA)

(/usr/local/texlive/2026/texmf-dist/tex/generic/xkeyval/xkeyval.tex
(/usr/local/texlive/2026/texmf-dist/tex/generic/xkeyval/xkvutils.tex
\XKV@toks=\toks24
\XKV@tempa@toks=\toks25
\XKV@tempb@toks=\toks26
)
\XKV@depth=\count312
File: xkeyval.tex 2014/12/03 v2.7a key=value parser (HA)
))
\zifour@ocount=\count313
)
(/usr/local/texlive/2026/texmf-dist/tex/latex/graphics/graphicx.sty
Package: graphicx 2024/12/31 v1.2e Enhanced LaTeX Graphics (DPC,SPQR)

(/usr/local/texlive/2026/texmf-dist/tex/latex/graphics/graphics.sty
Package: graphics 2024/08/06 v1.4g Standard LaTeX Graphics (DPC,SPQR)

(/usr/local/texlive/2026/texmf-dist/tex/latex/graphics/trig.sty
Package: trig 2023/12/02 v1.11 sin cos tan (DPC)
)
(/usr/local/texlive/2026/texmf-dist/tex/latex/graphics-cfg/graphics.cfg
File: graphics.cfg 2016/06/04 v1.11 sample graphics configuration
)
Package graphics Info: Driver file: pdftex.def on input line 106.
)
\Gin@req@height=\dimen175
\Gin@req@width=\dimen176
)
(/usr/local/texlive/2026/texmf-dist/tex/latex/booktabs/booktabs.sty
Package: booktabs 2020/01/12 v1.61803398 Publication quality tables
\heavyrulewidth=\dimen177
\lightrulewidth=\dimen178
\cmidrulewidth=\dimen179
\belowrulesep=\dimen180
\belowbottomsep=\dimen181
\aboverulesep=\dimen182
\abovetopsep=\dimen183
\cmidrulesep=\dimen184
\cmidrulekern=\dimen185
\defaultaddspace=\dimen186
\@cmidla=\count314
\@cmidlb=\count315
\@aboverulesep=\dimen187
\@belowrulesep=\dimen188
\@thisruleclass=\count316
\@lastruleclass=\count317
\@thisrulewidth=\dimen189
)
(/Users/wchiu/Library/texmf/tex/latex/multirow/multirow.sty
Package: multirow 2024/11/12 v2.9 Span multiple rows of a table
\multirow@colwidth=\skip56
\multirow@cntb=\count318
\multirow@dima=\skip57
\bigstrutjot=\dimen190
)
(/usr/local/texlive/2026/texmf-dist/tex/latex/amsmath/amsmath.sty
Package: amsmath 2025/07/09 v2.17z AMS math features
\@mathmargin=\skip58

For additional information on amsmath, use the `?' option.
(/usr/local/texlive/2026/texmf-dist/tex/latex/amsmath/amstext.sty
Package: amstext 2024/11/17 v2.01 AMS text

(/usr/local/texlive/2026/texmf-dist/tex/latex/amsmath/amsgen.sty
File: amsgen.sty 1999/11/30 v2.0 generic functions
\@emptytoks=\toks27
\ex@=\dimen191
))
(/usr/local/texlive/2026/texmf-dist/tex/latex/amsmath/amsbsy.sty
Package: amsbsy 1999/11/29 v1.2d Bold Symbols
\pmbraise@=\dimen192
)
(/usr/local/texlive/2026/texmf-dist/tex/latex/amsmath/amsopn.sty
Package: amsopn 2022/04/08 v2.04 operator names
)
\inf@bad=\count319
LaTeX Info: Redefining \frac on input line 233.
\uproot@=\count320
\leftroot@=\count321
LaTeX Info: Redefining \overline on input line 398.
LaTeX Info: Redefining \colon on input line 409.
\classnum@=\count322
\DOTSCASE@=\count323
LaTeX Info: Redefining \ldots on input line 495.
LaTeX Info: Redefining \dots on input line 498.
LaTeX Info: Redefining \cdots on input line 619.
\Mathstrutbox@=\box55
\strutbox@=\box56
LaTeX Info: Redefining \big on input line 721.
LaTeX Info: Redefining \Big on input line 722.
LaTeX Info: Redefining \bigg on input line 723.
LaTeX Info: Redefining \Bigg on input line 724.
\big@size=\dimen193
LaTeX Font Info:    Redeclaring font encoding OML on input line 742.
LaTeX Font Info:    Redeclaring font encoding OMS on input line 743.
\macc@depth=\count324
LaTeX Info: Redefining \bmod on input line 904.
LaTeX Info: Redefining \pmod on input line 909.
LaTeX Info: Redefining \smash on input line 939.
LaTeX Info: Redefining \relbar on input line 969.
LaTeX Info: Redefining \Relbar on input line 970.
\c@MaxMatrixCols=\count325
\dotsspace@=\muskip18
\c@parentequation=\count326
\dspbrk@lvl=\count327
\tag@help=\toks28
\row@=\count328
\column@=\count329
\maxfields@=\count330
\andhelp@=\toks29
\eqnshift@=\dimen194
\alignsep@=\dimen195
\tagshift@=\dimen196
\tagwidth@=\dimen197
\totwidth@=\dimen198
\lineht@=\dimen199
\@envbody=\toks30
\multlinegap=\skip59
\multlinetaggap=\skip60
\mathdisplay@stack=\toks31
LaTeX Info: Redefining \[ on input line 2950.
LaTeX Info: Redefining \] on input line 2951.
)
\@LN@amsmath@ams@eqpen=\count331

(/Users/wchiu/Library/texmf/tex/latex/amsfonts/amssymb.sty
Package: amssymb 2013/01/14 v3.01 AMS font symbols

(/Users/wchiu/Library/texmf/tex/latex/amsfonts/amsfonts.sty
Package: amsfonts 2013/01/14 v3.01 Basic AMSFonts support
\symAMSa=\mathgroup5
\symAMSb=\mathgroup6
LaTeX Font Info:    Redeclaring math symbol \hbar on input line 98.
LaTeX Font Info:    Overwriting math alphabet `\mathfrak' in version `bold'
(Font)                  U/euf/m/n --> U/euf/b/n on input line 106.
))
(/usr/local/texlive/2026/texmf-dist/tex/latex/float/float.sty
Package: float 2001/11/08 v1.3d Float enhancements (AL)
\c@float@type=\count332
\float@exts=\toks32
\float@box=\box57
\@float@everytoks=\toks33
\@floatcapt=\box58
)
(/usr/local/texlive/2026/texmf-dist/tex/latex/l3backend/l3backend-pdftex.def
File: l3backend-pdftex.def 2025-10-09 L3 backend support: PDF output (pdfTeX)
\l__color_backend_stack_int=\count333
)
(./acl_latex.aux)
\openout1 = `acl_latex.aux'.

LaTeX Font Info:    Checking defaults for OML/cmm/m/it on input line 62.
LaTeX Font Info:    ... okay on input line 62.
LaTeX Font Info:    Checking defaults for OMS/cmsy/m/n on input line 62.
LaTeX Font Info:    ... okay on input line 62.
LaTeX Font Info:    Checking defaults for OT1/cmr/m/n on input line 62.
LaTeX Font Info:    ... okay on input line 62.
LaTeX Font Info:    Checking defaults for T1/cmr/m/n on input line 62.
LaTeX Font Info:    ... okay on input line 62.
LaTeX Font Info:    Checking defaults for TS1/cmr/m/n on input line 62.
LaTeX Font Info:    ... okay on input line 62.
LaTeX Font Info:    Checking defaults for OMX/cmex/m/n on input line 62.
LaTeX Font Info:    ... okay on input line 62.
LaTeX Font Info:    Checking defaults for U/cmr/m/n on input line 62.
LaTeX Font Info:    ... okay on input line 62.
LaTeX Font Info:    Checking defaults for PD1/pdf/m/n on input line 62.
LaTeX Font Info:    ... okay on input line 62.
LaTeX Font Info:    Checking defaults for PU/pdf/m/n on input line 62.
LaTeX Font Info:    ... okay on input line 62.

(/usr/local/texlive/2026/texmf-dist/tex/context/base/mkii/supp-pdf.mkii
[Loading MPS to PDF converter (version 2006.09.02).]
\scratchcounter=\count334
\scratchdimen=\dimen256
\scratchbox=\box59
\nofMPsegments=\count335
\nofMParguments=\count336
\everyMPshowfont=\toks34
\MPscratchCnt=\count337
\MPscratchDim=\dimen257
\MPnumerator=\count338
\makeMPintoPDFobject=\count339
\everyMPtoPDFconversion=\toks35
) (/usr/local/texlive/2026/texmf-dist/tex/latex/epstopdf-pkg/epstopdf-base.sty
Package: epstopdf-base 2020-01-24 v2.11 Base part for package epstopdf
Package epstopdf-base Info: Redefining graphics rule for `.eps' on input line 4
85.

(/usr/local/texlive/2026/texmf-dist/tex/latex/latexconfig/epstopdf-sys.cfg
File: epstopdf-sys.cfg 2010/07/13 v1.3 Configuration of (r)epstopdf for TeX Liv
e
))
*geometry* driver: auto-detecting
*geometry* detected driver: pdftex
*geometry* verbose mode - [ preamble ] result:
* driver: pdftex
* paper: a4paper
* layout: <same size as paper>
* layoutoffset:(h,v)=(0.0pt,0.0pt)
* modes: heightrounded 
* h-part:(L,W,R)=(71.13188pt, 455.24411pt, 71.13188pt)
* v-part:(T,H,B)=(71.13188pt, 702.78308pt, 71.13188pt)
* \paperwidth=597.50787pt
* \paperheight=845.04684pt
* \textwidth=455.24411pt
* \textheight=704.60031pt
* \oddsidemargin=-1.1381pt
* \evensidemargin=-1.1381pt
* \topmargin=-38.1381pt
* \headheight=12.0pt
* \headsep=25.0pt
* \topskip=11.0pt
* \footskip=30.0pt
* \marginparwidth=59.0pt
* \marginparsep=10.0pt
* \columnsep=17.07182pt
* \skip\footins=9.0pt plus 4.0pt minus 2.0pt
* \hoffset=0.0pt
* \voffset=0.0pt
* \mag=1000
* \@twocolumntrue
* \@twosidefalse
* \@mparswitchfalse
* \@reversemarginfalse
* (1in=72.27pt=25.4mm, 1cm=28.453pt)

Package caption Info: Begin \AtBeginDocument code.
Package caption Info: float package is loaded.
Package caption Info: hyperref package is loaded.
Package caption Info: End \AtBeginDocument code.
Package hyperref Info: Link coloring ON on input line 62.
(./acl_latex.out) (./acl_latex.out)
\@outlinefile=\write3
\openout3 = `acl_latex.out'.

LaTeX Info: Redefining \microtypecontext on input line 62.
Package microtype Info: Applying patch `item' on input line 62.
Package microtype Info: Applying patch `toc' on input line 62.
Package microtype Info: Applying patch `eqnum' on input line 62.
Package microtype Info: Applying patch `footnote' on input line 62.
Package microtype Info: Applying patch `verbatim' on input line 62.
LaTeX Info: Redefining \microtypesetup on input line 62.
Package microtype Info: Generating PDF output.
Package microtype Info: Character protrusion enabled (level 2).
Package microtype Info: Using default protrusion set `alltext'.
Package microtype Info: Automatic font expansion enabled (level 2),
(microtype)             stretch: 20, shrink: 20, step: 1, non-selected.
Package microtype Info: Using default expansion set `alltext-nott'.
Package microtype Info: Patching command `\showhyphens'.
Package microtype Info: No adjustment of tracking.
Package microtype Info: No adjustment of interword spacing.
Package microtype Info: No adjustment of character kerning.

(/usr/local/texlive/2026/texmf-dist/tex/latex/microtype/mt-ptm.cfg
File: mt-ptm.cfg 2006/04/20 v1.7 microtype config. file: Times (RS)
)
(/usr/local/texlive/2026/texmf-dist/tex/latex/upquote/upquote.sty
Package: upquote 2012/04/19 v1.3 upright-quote and grave-accent glyphs in verba
tim
)
(/usr/local/texlive/2026/texmf-dist/tex/latex/microtype/mt-cmr.cfg
File: mt-cmr.cfg 2013/05/19 v2.2 microtype config. file: Computer Modern Roman 
(RS)
)
LaTeX Font Info:    Trying to load font information for U+lasy on input line 63
.

(/usr/local/texlive/2026/texmf-dist/tex/latex/base/ulasy.fd
File: ulasy.fd 1998/08/17 v2.2e LaTeX symbol font definitions
)
LaTeX Font Info:    Trying to load font information for U+msa on input line 63.


(/Users/wchiu/Library/texmf/tex/latex/amsfonts/umsa.fd
File: umsa.fd 2013/01/14 v3.01 AMS symbols A
)
(/usr/local/texlive/2026/texmf-dist/tex/latex/microtype/mt-msa.cfg
File: mt-msa.cfg 2006/02/04 v1.1 microtype config. file: AMS symbols (a) (RS)
)
LaTeX Font Info:    Trying to load font information for U+msb on input line 63.


(/Users/wchiu/Library/texmf/tex/latex/amsfonts/umsb.fd
File: umsb.fd 2013/01/14 v3.01 AMS symbols B
)
(/usr/local/texlive/2026/texmf-dist/tex/latex/microtype/mt-msb.cfg
File: mt-msb.cfg 2005/06/01 v1.0 microtype config. file: AMS symbols (b) (RS)
)
LaTeX Font Info:    Trying to load font information for TS1+ptm on input line 8
7.

(/Users/wchiu/Library/texmf/tex/latex/psnfss/ts1ptm.fd
File: ts1ptm.fd 2001/06/04 font definitions for TS1/ptm.
) [1{/usr/local/texlive/2026/texmf-var/fonts/map/pdftex/updmap/pdftex.map}{/usr
/local/texlive/2026/texmf-dist/fonts/enc/dvips/base/8r.enc}



]
LaTeX Font Info:    Trying to load font information for T1+zi4 on input line 90
.

(/usr/local/texlive/2026/texmf-dist/tex/latex/inconsolata/t1zi4.fd
File: t1zi4.fd 2018/01/14 T1/zi4 (Inconsolata)
)
LaTeX Font Info:    Font shape `T1/zi4/m/n' will be
(Font)              scaled to size 10.95pt on input line 90.
Package microtype Info: Loading generic protrusion settings for font family
(microtype)             `zi4' (encoding: T1).
(microtype)             For optimal results, create family-specific settings.
(microtype)             See the microtype manual for details.
 [2{/usr/local/texlive/2026/texmf-dist/fonts/enc/dvips/inconsolata/i4-t1-0.enc}
]
Underfull \hbox (badness 4024) in paragraph at lines 122--124
 []\T1/ptm/b/n/10.95 (+20) Data.[] \T1/ptm/m/n/10.95 (+20) We reuse cached hid-
den states and
 []


Underfull \hbox (badness 1371) in paragraph at lines 126--131
\OML/cmm/m/it/10.95 h \OMS/cmsy/m/n/10.95 2 \U/msb/m/n/10.95 R[]$ \T1/ptm/m/n/1
0.95 (+20) per sam-ple and en-code it: $\OML/cmm/m/it/10.95 z \OT1/cmr/m/n/10.9
5 =
 []


Underfull \hbox (badness 2088) in paragraph at lines 126--131
[] [][]  [] [] \OMS/cmsy/m/n/10.95 2 \U/msb/m/n/10.95 R[]$\T1/ptm/m/n/10.95 (+2
0) ,
 []


Underfull \hbox (badness 1226) in paragraph at lines 133--137
\T1/ptm/m/n/10.95 (+20) and pass sets at a cell. Fea-ture $\OML/cmm/m/it/10.95 
i$\T1/ptm/m/n/10.95 (+20) 's en-rich-
 []


Underfull \hbox (badness 1275) in paragraph at lines 146--150
 []\T1/ptm/b/n/10.95 (+20) Steering.[] \T1/ptm/m/n/10.95 (+20) We write \T1/ptm
/m/it/10.95 (+20) fail$\OMS/cmsy/m/n/10.95 !$\T1/ptm/m/it/10.95 (+20) pass \T1/
ptm/m/n/10.95 (+20) for a sam-ple
 []

<../figures/fig1_trajectory.pdf, id=233, 250.29463pt x 181.26154pt>
File: ../figures/fig1_trajectory.pdf Graphic file (type pdf)
<use ../figures/fig1_trajectory.pdf>
Package pdftex.def Info: ../figures/fig1_trajectory.pdf  used on input line 156
.
(pdftex.def)             Requested size: 208.13115pt x 150.73466pt.
<../figures/fig2_cross.pdf, id=236, 517.65092pt x 208.85982pt>
File: ../figures/fig2_cross.pdf Graphic file (type pdf)
<use ../figures/fig2_cross.pdf>
Package pdftex.def Info: ../figures/fig2_cross.pdf  used on input line 163.
(pdftex.def)             Requested size: 455.24411pt x 183.68884pt.
<../figures/fig6_dense_compare.pdf, id=239, 250.29463pt x 164.34714pt>
File: ../figures/fig6_dense_compare.pdf Graphic file (type pdf)
<use ../figures/fig6_dense_compare.pdf>
Package pdftex.def Info: ../figures/fig6_dense_compare.pdf  used on input line 
174.
(pdftex.def)             Requested size: 208.13115pt x 136.66887pt.

Underfull \hbox (badness 1122) in paragraph at lines 180--186
\T1/ptm/m/n/10.95 (+20) seeds: an-chors $\OMS/cmsy/m/n/10.95 f\OT1/cmr/m/n/10.9
5 0\OML/cmm/m/it/10.95 ; \OT1/cmr/m/n/10.95 1\OML/cmm/m/it/10.95 ; \OT1/cmr/m/n
/10.95 4\OML/cmm/m/it/10.95 ; \OT1/cmr/m/n/10.95 16\OML/cmm/m/it/10.95 ; \OT1/c
mr/m/n/10.95 32\OMS/cmsy/m/n/10.95 g$\T1/ptm/m/n/10.95 (+20) , early plateau
 []

[3 <../figures/fig1_trajectory.pdf>]
<../figures/fig9_fisher.pdf, id=287, 250.29463pt x 196.33302pt>
File: ../figures/fig9_fisher.pdf Graphic file (type pdf)
<use ../figures/fig9_fisher.pdf>
Package pdftex.def Info: ../figures/fig9_fisher.pdf  used on input line 189.
(pdftex.def)             Requested size: 208.13115pt x 163.26791pt.
 [4 <../figures/fig2_cross.pdf> <../figures/fig6_dense_compare.pdf> <../figures
/fig9_fisher.pdf>]
LaTeX Font Info:    Font shape `T1/zi4/m/n' will be
(Font)              scaled to size 9.0pt on input line 216.
LaTeX Font Info:    Font shape `T1/zi4/m/n' will be
(Font)              scaled to size 10.0pt on input line 222.
 [5]
LaTeX Font Info:    Font shape `T1/zi4/m/n' will be
(Font)              scaled to size 7.0pt on input line 244.

Underfull \hbox (badness 10000) in paragraph at lines 244--244
[]\T1/ptm/m/n/7 (+20) complex-math doc-
 []


Underfull \hbox (badness 10000) in paragraph at lines 245--245
[]\T1/zi4/m/n/7 :param\T1/ptm/m/n/7 (+20) /\T1/zi4/m/n/7 :return
 []


LaTeX Font Warning: Font shape `T1/zi4/m/it' undefined
(Font)              using `T1/zi4/m/n' instead on input line 245.

LaTeX Font Info:    Font shape `T1/zi4/b/n' will be
(Font)              scaled to size 10.95pt on input line 255.
<../figures/fig8_crosslayer.pdf, id=392, 250.29463pt x 173.41075pt>
File: ../figures/fig8_crosslayer.pdf Graphic file (type pdf)
<use ../figures/fig8_crosslayer.pdf>
Package pdftex.def Info: ../figures/fig8_crosslayer.pdf  used on input line 263
.
(pdftex.def)             Requested size: 208.13115pt x 144.20607pt.
<../figures/fig10_ardlm.pdf, id=396, 250.29463pt x 283.057pt>
File: ../figures/fig10_ardlm.pdf Graphic file (type pdf)
<use ../figures/fig10_ardlm.pdf>
Package pdftex.def Info: ../figures/fig10_ardlm.pdf  used on input line 277.
(pdftex.def)             Requested size: 208.13115pt x 235.38644pt.

Overfull \hbox (4.04402pt too wide) in paragraph at lines 285--294
 [][] 
 []

[6 <../figures/fig8_crosslayer.pdf>] [7 <../figures/fig10_ardlm.pdf>] [8]
Underfull \hbox (badness 1810) in paragraph at lines 379--382
\OMS/cmsy/m/n/10.95 f\OT1/cmr/m/n/10.95 +5\OML/cmm/m/it/10.95 ; \OMS/cmsy/m/n/1
0.95 ^^@\OT1/cmr/m/n/10.95 5\OMS/cmsy/m/n/10.95 g$\T1/ptm/m/n/10.95 (+20) ) at 
a sin-gle SAE layer per DLM
 []


Underfull \hbox (badness 1107) in paragraph at lines 384--388
\T1/ptm/m/n/10.95 (+20) re-port the best $\OML/cmm/m/it/10.95 K$ \T1/ptm/m/n/10
.95 (+20) per cell. On LLaDA-8B
 []


Underfull \hbox (badness 1221) in paragraph at lines 384--388
\T1/ptm/m/n/10.95 (+20) / MBPP the best $\OML/cmm/m/it/10.95 K$ \T1/ptm/m/n/10.
95 (+20) is $\OT1/cmr/m/n/10.95 2$ \T1/ptm/m/n/10.95 (+20) at ev-ery step; on
 []


Underfull \hbox (badness 1205) in paragraph at lines 384--388
\OMS/cmsy/m/n/10.95 f\OT1/cmr/m/n/10.95 10\OML/cmm/m/it/10.95 ; \OT1/cmr/m/n/10
.95 20\OML/cmm/m/it/10.95 ; \OT1/cmr/m/n/10.95 30\OML/cmm/m/it/10.95 ; \OT1/cmr
/m/n/10.95 50\OMS/cmsy/m/n/10.95 g$ \T1/ptm/m/n/10.95 (+20) at step $\OT1/cmr/m
/n/10.95 68$ \T1/ptm/m/n/10.95 (+20) (the plateau peak)
 []

[9] (./acl_latex.bbl [10]
Underfull \hbox (badness 2027) in paragraph at lines 103--107
[]\T1/ptm/m/n/10 (+20) Aaron Lou, Chen-lin Meng, and Ste-fano Er-mon.
 []


Underfull \hbox (badness 1728) in paragraph at lines 121--126
\T1/ptm/m/n/10 (+20) Sangdeh. 2024.  Steer-ing lan-guage model re-
 []


Underfull \hbox (badness 4556) in paragraph at lines 151--155
\T1/ptm/m/n/10 (+20) a-nis-tic in-ter-pretabil-ity of code correct-ness in
 []

)
<../figures/fig4_feature_drift.pdf, id=530, 520.81662pt x 217.33691pt>
File: ../figures/fig4_feature_drift.pdf Graphic file (type pdf)
<use ../figures/fig4_feature_drift.pdf>
Package pdftex.def Info: ../figures/fig4_feature_drift.pdf  used on input line 
429.
(pdftex.def)             Requested size: 418.82375pt x 174.7751pt.

Underfull \hbox (badness 10000) in paragraph at lines 449--450
[]\T1/zi4/m/n/9 f11404\T1/ptm/m/n/9 (+20) , \T1/zi4/m/n/9 f9798\T1/ptm/m/n/9 (+
20) ,
 []


Underfull \hbox (badness 10000) in paragraph at lines 449--450
\T1/zi4/m/n/9 f189\T1/ptm/m/n/9 (+20) , \T1/zi4/m/n/9 f496\T1/ptm/m/n/9 (+20) ,

 []


Underfull \hbox (badness 10000) in paragraph at lines 453--454
[]\T1/zi4/m/n/9 f189\T1/ptm/m/n/9 (+20) , \T1/zi4/m/n/9 f492\T1/ptm/m/n/9 (+20)
 ,
 []


Underfull \hbox (badness 10000) in paragraph at lines 453--454
\T1/zi4/m/n/9 f3320\T1/ptm/m/n/9 (+20) , \T1/zi4/m/n/9 f11404\T1/ptm/m/n/9 (+20
) ,
 []


Underfull \hbox (badness 10000) in paragraph at lines 454--456
[]\T1/ptm/m/it/9 (+20) remove first/last oc-cur-rence\T1/ptm/m/n/9 (+20) :
 []


Underfull \hbox (badness 1546) in paragraph at lines 454--456
\T1/zi4/m/n/9 re.compile \T1/ptm/m/n/9 (+20) with-out im-port-ing
 []

[11] [12 <../figures/fig4_feature_drift.pdf>]
<../figures/fig5_auc_compare.pdf, id=583, 517.69362pt x 196.46655pt>
File: ../figures/fig5_auc_compare.pdf Graphic file (type pdf)
<use ../figures/fig5_auc_compare.pdf>
Package pdftex.def Info: ../figures/fig5_auc_compare.pdf  used on input line 54
2.
(pdftex.def)             Requested size: 437.0374pt x 165.85817pt.
 [13]
Underfull \hbox (badness 10000) in paragraph at lines 591--594
\T1/ptm/m/n/10.95 (+20) Across all $\OML/cmm/m/it/10.95 n[]\OT1/cmr/m/n/10.95 2
02$ \T1/ptm/m/n/10.95 (+20) sam-ples per con-di-tion,
 []


Underfull \hbox (badness 4805) in paragraph at lines 591--594
\T1/ptm/m/n/10.95 (+20) the SAE-layer resid-ual per-tur-ba-tion reaches
 []


Underfull \hbox (badness 6348) in paragraph at lines 591--594
\OMS/cmsy/m/n/10.95 k\OT1/cmr/m/n/10.95 ^^A\OML/cmm/m/it/10.95 h\OMS/cmsy/m/n/1
0.95 k\OML/cmm/m/it/10.95 =\OMS/cmsy/m/n/10.95 k\OML/cmm/m/it/10.95 h\OMS/cmsy/
m/n/10.95 k[]\OT1/cmr/m/n/10.95 4\OML/cmm/m/it/10.95 :\OT1/cmr/m/n/10.95 4%$ \T
1/ptm/m/n/10.95 (+20) for single-feature sup-pres-
 []


Underfull \hbox (badness 1360) in paragraph at lines 591--594
\T1/ptm/m/n/10.95 (+20) sion of \T1/zi4/m/n/10.95 f15601 \T1/ptm/m/n/10.95 (+20
) at s64 and s16 ($\OMS/cmsy/m/n/10.95 k\OT1/cmr/m/n/10.95 ^^A\OML/cmm/m/it/10.
95 h\OMS/cmsy/m/n/10.95 k[]\OT1/cmr/m/n/10.95 185$\T1/ptm/m/n/10.95 (+20) ,
 []


Underfull \hbox (badness 2057) in paragraph at lines 591--594
\OML/cmm/m/it/10.95 a[][]\OT1/cmr/m/n/10.95 9\OML/cmm/m/it/10.95 :\OT1/cmr/m/n/
10.95 43$\T1/ptm/m/n/10.95 (+20) ), $\OT1/cmr/m/n/10.95 14\OML/cmm/m/it/10.95 :
\OT1/cmr/m/n/10.95 8%$ \T1/ptm/m/n/10.95 (+20) for the top-5 com-bined
 []

[14 <../figures/fig5_auc_compare.pdf>]
Underfull \hbox (badness 10000) in paragraph at lines 596--599
 []\T1/ptm/b/n/10.95 (+20) Counterfactual fea-ture re-place-ment.[] \T1/ptm/m/n
/10.95 (+20) A
 []


Underfull \hbox (badness 1033) in paragraph at lines 596--599
\T1/ptm/m/n/10.95 (+20) does not un-lock the con-trol-la-bil-ity that plain
 []

[15]
<../figures/fig7_topN_sensitivity.pdf, id=625, 250.29463pt x 155.79517pt>
File: ../figures/fig7_topN_sensitivity.pdf Graphic file (type pdf)
<use ../figures/fig7_topN_sensitivity.pdf>
Package pdftex.def Info: ../figures/fig7_topN_sensitivity.pdf  used on input li
ne 626.
(pdftex.def)             Requested size: 208.13115pt x 129.55717pt.

Underfull \hbox (badness 10000) in paragraph at lines 645--645
[]\T1/ptm/m/n/7 (+20) complex-math doc-
 []


Underfull \hbox (badness 10000) in paragraph at lines 645--646
[]\T1/ptm/m/it/7 (+20) ``nth oc-tag-o-nal
 []

LaTeX Font Info:    Font shape `T1/zi4/m/it' will be
(Font)              scaled to size 7.0pt on input line 646.
[16 <../figures/fig7_topN_sensitivity.pdf>] [17] [18] (./acl_latex.aux)
 ***********
LaTeX2e <2025-11-01>
L3 programming layer <2026-01-19>
 ***********


LaTeX Font Warning: Some font shapes were not available, defaults substituted.

Package rerunfilecheck Info: File `acl_latex.out' has not changed.
(rerunfilecheck)             Checksum: 69B0A6B4501C191EDBCCC2C68A8A22AF;4565.
 ) 
Here is how much of TeX's memory you used:
 16490 strings out of 467525
 259433 string characters out of 5418982
 734543 words of memory out of 5000000
 44532 multiletter control sequences out of 15000+600000
 707155 words of font info for 438 fonts, out of 8000000 for 9000
 1144 hyphenation exceptions out of 8191
 84i,12n,93p,1006b,620s stack positions out of 10000i,1000n,20000p,200000b,200000s
</usr/local/texlive/2026/texmf-dist/fonts/type1/public/inconsolata/Inconsolat
a-zi4b.pfb></usr/local/texlive/2026/texmf-dist/fonts/type1/public/inconsolata/I
nconsolata-zi4r.pfb></Users/wchiu/Library/texmf/fonts/type1/public/amsfonts/cm/
cmex10.pfb></Users/wchiu/Library/texmf/fonts/type1/public/amsfonts/cm/cmmi10.pf
b></Users/wchiu/Library/texmf/fonts/type1/public/amsfonts/cm/cmmi6.pfb></Users/
wchiu/Library/texmf/fonts/type1/public/amsfonts/cm/cmmi8.pfb></Users/wchiu/Libr
ary/texmf/fonts/type1/public/amsfonts/cm/cmmi9.pfb></Users/wchiu/Library/texmf/
fonts/type1/public/amsfonts/cm/cmr10.pfb></Users/wchiu/Library/texmf/fonts/type
1/public/amsfonts/cm/cmr5.pfb></Users/wchiu/Library/texmf/fonts/type1/public/am
sfonts/cm/cmr6.pfb></Users/wchiu/Library/texmf/fonts/type1/public/amsfonts/cm/c
mr7.pfb></Users/wchiu/Library/texmf/fonts/type1/public/amsfonts/cm/cmr8.pfb></U
sers/wchiu/Library/texmf/fonts/type1/public/amsfonts/cm/cmr9.pfb></Users/wchiu/
Library/texmf/fonts/type1/public/amsfonts/cm/cmsy10.pfb></Users/wchiu/Library/t
exmf/fonts/type1/public/amsfonts/cm/cmsy7.pfb></Users/wchiu/Library/texmf/fonts
/type1/public/amsfonts/cm/cmsy8.pfb></Users/wchiu/Library/texmf/fonts/type1/pub
lic/amsfonts/cm/cmsy9.pfb></Users/wchiu/Library/texmf/fonts/type1/public/amsfon
ts/symbols/msbm10.pfb></usr/local/texlive/2026/texmf-dist/fonts/type1/urw/helve
tic/uhvb8a.pfb></usr/local/texlive/2026/texmf-dist/fonts/type1/urw/times/utmb8a
.pfb></usr/local/texlive/2026/texmf-dist/fonts/type1/urw/times/utmr8a.pfb></usr
/local/texlive/2026/texmf-dist/fonts/type1/urw/times/utmri8a.pfb>
Output written on acl_latex.pdf (18 pages, 638680 bytes).
PDF statistics:
 787 PDF objects out of 1000 (max. 8388607)
 631 compressed objects within 7 object streams
 130 named destinations out of 1000 (max. 500000)
 69374 words of extra memory for PDF output out of 74296 (max. 10000000)

